{
    "level": "INFO",
    "timestamp": "2024-09-25T18:48:07.646Z",
    "message": "Application started",
    "meta": {
        "PORT": "3000",
        "SERVER_URL": "http://localhost:3000"
    }
}
{
    "level": "INFO",
    "timestamp": "2024-09-25T20:23:37.873Z",
    "message": "Application started",
    "meta": {
        "PORT": "3000",
        "SERVER_URL": "http://localhost:3000"
    }
}
{
    "level": "INFO",
    "timestamp": "2024-09-25T20:23:54.609Z",
    "message": "Controller Response",
    "meta": {
        "success": true,
        "statusCode": 200,
        "request": {
            "ip": "::1",
            "method": "GET",
            "url": "/v1/self"
        },
        "message": "Operation is completed",
        "data": null
    }
}
{
    "level": "INFO",
    "timestamp": "2024-09-25T20:26:09.729Z",
    "message": "Application started",
    "meta": {
        "PORT": "3000",
        "SERVER_URL": "http://localhost:3000"
    }
}
{
    "level": "INFO",
    "timestamp": "2024-09-25T20:26:34.272Z",
    "message": "Application started",
    "meta": {
        "PORT": "3000",
        "SERVER_URL": "http://localhost:3000"
    }
}
{
    "level": "INFO",
    "timestamp": "2024-09-25T20:26:42.958Z",
    "message": "Controller Response",
    "meta": {
        "success": true,
        "statusCode": 200,
        "request": {
            "ip": "::1",
            "method": "GET",
            "url": "/v1/self"
        },
        "message": "Operation is completed",
        "data": null
    }
}
{
    "level": "INFO",
    "timestamp": "2024-09-25T20:27:09.715Z",
    "message": "Application started",
    "meta": {
        "PORT": "3000",
        "SERVER_URL": "http://localhost:3000"
    }
}
{
    "level": "INFO",
    "timestamp": "2024-09-25T20:27:21.720Z",
    "message": "Application started",
    "meta": {
        "PORT": "3000",
        "SERVER_URL": "http://localhost:3000"
    }
}
{
    "level": "INFO",
    "timestamp": "2024-09-25T20:27:27.271Z",
    "message": "Application started",
    "meta": {
        "PORT": "3000",
        "SERVER_URL": "http://localhost:3000"
    }
}
{
    "level": "INFO",
    "timestamp": "2024-09-25T20:27:34.791Z",
    "message": "Application started",
    "meta": {
        "PORT": "3000",
        "SERVER_URL": "http://localhost:3000"
    }
}
{
    "level": "INFO",
    "timestamp": "2024-09-26T07:25:27.768Z",
    "message": "Application started",
    "meta": {
        "PORT": "3000",
        "SERVER_URL": "http://localhost:3000"
    }
}
{
    "level": "INFO",
    "timestamp": "2024-09-26T08:51:26.879Z",
    "message": "Database connection",
    "meta": {
        "CONNECTION_NAME": "test"
    }
}
{
    "level": "INFO",
    "timestamp": "2024-09-26T08:51:26.887Z",
    "message": "Application started",
    "meta": {
        "PORT": "3000",
        "SERVER_URL": "http://localhost:3000"
    }
}
{
    "level": "INFO",
    "timestamp": "2024-09-26T09:02:43.253Z",
    "message": "Database connection",
    "meta": {
        "CONNECTION_NAME": "test"
    }
}
{
    "level": "INFO",
    "timestamp": "2024-09-26T09:02:43.259Z",
    "message": "Application started",
    "meta": {
        "PORT": "3000",
        "SERVER_URL": "http://localhost:3000"
    }
}
{
    "level": "INFO",
    "timestamp": "2024-09-26T09:03:26.782Z",
    "message": "Database connection",
    "meta": {
        "CONNECTION_NAME": "base"
    }
}
{
    "level": "INFO",
    "timestamp": "2024-09-26T09:03:26.788Z",
    "message": "Application started",
    "meta": {
        "PORT": "3000",
        "SERVER_URL": "http://localhost:3000"
    }
}
{
    "level": "INFO",
    "timestamp": "2024-09-26T09:56:43.567Z",
    "message": "Database connection",
    "meta": {
        "CONNECTION_NAME": "base"
    }
}
{
    "level": "INFO",
    "timestamp": "2024-09-26T09:56:43.575Z",
    "message": "Application started",
    "meta": {
        "PORT": "3000",
        "SERVER_URL": "http://localhost:3000"
    }
}
{
    "level": "INFO",
    "timestamp": "2024-09-26T09:57:36.275Z",
    "message": "Controller Response",
    "meta": {
        "success": true,
        "statusCode": 200,
        "request": {
            "ip": "::1",
            "method": "GET",
            "url": "/v1/health"
        },
        "message": "Operation is completed",
        "data": {
            "application": {
                "environment": "development",
                "uptime": "57.90 Second",
                "memoryUsage": {
                    "heapTotal": "148.57 MB",
                    "heapUsed": "145.26 MB"
                }
            },
            "system": {
                "cpuUsage": [
                    0,
                    0,
                    0
                ],
                "totalMemory": "7502.02 MB",
                "freeMemory": "533.86 MB"
            },
            "timeStamp": 1727344656275
        }
    }
}
